INFO    : PreTeXt project found in `C:\Users\lclem\OneDrive\Documents\GitHub\PreTeXt books\OpenIntro Statistics\openintro-statistics-1`.
WARNING : Project's CLI version could not be detected from `requirements.txt`.
WARNING : Try `pretext init --refresh` to produce a compatible file.
ERROR   : Publication file does not specify asset directories.
ERROR   : Publication file does not specify asset directories.
ERROR   : Publication file does not specify asset directories.
INFO    : No change in assets requiring generating detected.  To force regeneration of assets, use `-g` flag.

ERROR   : Publication file does not specify asset directories.
ERROR   : Publication file does not specify asset directories.
ERROR   : Publication file does not specify asset directories.
ERROR   : Publication file does not specify asset directories.
ERROR   : Publication file does not specify asset directories.
ERROR   : Publication file does not specify asset directories.
ERROR   : Publication file does not specify asset directories.
ERROR   : Publication file does not specify asset directories.
INFO    : Preparing to build into C:\Users\lclem\OneDrive\Documents\GitHub\PreTeXt books\OpenIntro Statistics\openintro-statistics-1\output\html.
INFO    : 
Now building HTML into C:\Users\lclem\OneDrive\Documents\GitHub\PreTeXt books\OpenIntro Statistics\openintro-statistics-1\output\html

INFO    : discovering source file's directory name: C:\Users\lclem\OneDrive\Documents\GitHub\PreTeXt books\OpenIntro Statistics\openintro-statistics-1\source
INFO    : Runestone Services (via PreTeXt repository): version 6.5.0
INFO    : Runestone Services (using newer, via online CDN query): version 7.11.11
INFO    : converting C:\Users\lclem\OneDrive\Documents\GitHub\PreTeXt books\OpenIntro Statistics\openintro-statistics-1\source\main.ptx to HTML in C:\Users\lclem\AppData\Local\Temp\tmpq0zm8ykb
INFO    : XSL conversion of C:\Users\lclem\OneDrive\Documents\GitHub\PreTeXt books\OpenIntro Statistics\openintro-statistics-1\source\main.ptx by C:\Users\lclem\.ptx\xsl\pretext-html.xsl
INFO    : comprehensive messages, warnings, and errors:
INFO    :     * PTX:WARNING: A section containing subsections needs to have other content inside an <introduction> and/or  <conclusion>.
INFO    :     *              located within: "sec-regression-case-study" (xml:id), "Case Study: Mario Kart" (title)
INFO    :     * PTX:DEPRECATE: (2015-03-17) tables are done quite differently, the "tgroup" element is indicative (2 times)
INFO    :     *              located within: "ex-randomization-avandia" (xml:id), "Side effects of Avandia" (title)
INFO    :     *              located within: "ex-immigration-views" (xml:id), "Views on immigration" (title)
INFO    :     * --------------
INFO    :     * PTX:DEPRECATE: (2015-03-17) tables are done quite differently, the "entry" element should be replaced by the "cell" element (42 times)
INFO    :     *              located within: "ex-randomization-avandia" (xml:id), "Side effects of Avandia" (title)
INFO    :     *              located within: "ex-randomization-avandia" (xml:id), "Side effects of Avandia" (title)
INFO    :     *              located within: "ex-randomization-avandia" (xml:id), "Side effects of Avandia" (title)
INFO    :     *              located within: "ex-randomization-avandia" (xml:id), "Side effects of Avandia" (title)
INFO    :     *              located within: "ex-randomization-avandia" (xml:id), "Side effects of Avandia" (title)
INFO    :     *              located within: "ex-randomization-avandia" (xml:id), "Side effects of Avandia" (title)
INFO    :     *              located within: "ex-randomization-avandia" (xml:id), "Side effects of Avandia" (title)
INFO    :     *              located within: "ex-randomization-avandia" (xml:id), "Side effects of Avandia" (title)
INFO    :     *              located within: "ex-randomization-avandia" (xml:id), "Side effects of Avandia" (title)
INFO    :     *              located within: "ex-randomization-avandia" (xml:id), "Side effects of Avandia" (title)
INFO    :     *              located within: "ex-randomization-avandia" (xml:id), "Side effects of Avandia" (title)
INFO    :     *              located within: "ex-randomization-avandia" (xml:id), "Side effects of Avandia" (title)
INFO    :     *              located within: "ex-randomization-avandia" (xml:id), "Side effects of Avandia" (title)
INFO    :     *              located within: "ex-randomization-avandia" (xml:id), "Side effects of Avandia" (title)
INFO    :     *              located within: "ex-randomization-avandia" (xml:id), "Side effects of Avandia" (title)
INFO    :     *              located within: "ex-immigration-views" (xml:id), "Views on immigration" (title)
INFO    :     *              located within: "ex-immigration-views" (xml:id), "Views on immigration" (title)
INFO    :     *              located within: "ex-immigration-views" (xml:id), "Views on immigration" (title)
INFO    :     *              located within: "ex-immigration-views" (xml:id), "Views on immigration" (title)
INFO    :     *              located within: "ex-immigration-views" (xml:id), "Views on immigration" (title)
INFO    :     *              located within: "ex-immigration-views" (xml:id), "Views on immigration" (title)
INFO    :     *              located within: "ex-immigration-views" (xml:id), "Views on immigration" (title)
INFO    :     *              located within: "ex-immigration-views" (xml:id), "Views on immigration" (title)
INFO    :     *              located within: "ex-immigration-views" (xml:id), "Views on immigration" (title)
INFO    :     *              located within: "ex-immigration-views" (xml:id), "Views on immigration" (title)
INFO    :     *              located within: "ex-immigration-views" (xml:id), "Views on immigration" (title)
INFO    :     *              located within: "ex-immigration-views" (xml:id), "Views on immigration" (title)
INFO    :     *              located within: "ex-immigration-views" (xml:id), "Views on immigration" (title)
INFO    :     *              located within: "ex-immigration-views" (xml:id), "Views on immigration" (title)
INFO    :     *              located within: "ex-immigration-views" (xml:id), "Views on immigration" (title)
INFO    :     *              located within: "ex-immigration-views" (xml:id), "Views on immigration" (title)
INFO    :     *              located within: "ex-immigration-views" (xml:id), "Views on immigration" (title)
INFO    :     *              located within: "ex-immigration-views" (xml:id), "Views on immigration" (title)
INFO    :     *              located within: "ex-immigration-views" (xml:id), "Views on immigration" (title)
INFO    :     *              located within: "ex-immigration-views" (xml:id), "Views on immigration" (title)
INFO    :     *              located within: "ex-immigration-views" (xml:id), "Views on immigration" (title)
INFO    :     *              located within: "ex-immigration-views" (xml:id), "Views on immigration" (title)
INFO    :     *              located within: "ex-immigration-views" (xml:id), "Views on immigration" (title)
INFO    :     *              located within: "ex-immigration-views" (xml:id), "Views on immigration" (title)
INFO    :     *              located within: "ex-immigration-views" (xml:id), "Views on immigration" (title)
INFO    :     *              located within: "ex-immigration-views" (xml:id), "Views on immigration" (title)
INFO    :     *              located within: "ex-immigration-views" (xml:id), "Views on immigration" (title)
INFO    :     * --------------
INFO    : successful application of C:\Users\lclem\.ptx\xsl\pretext-html.xsl
